# JRE version: Java(TM) SE Runtime Environment (8.0_112-b15) (build 1.8.0_112-b15)
# Java VM: Java HotSpot(TM) 64-Bit Server VM (25.112-b15 mixed mode windows-amd64 compressed oops)
Heap:
 PSYoungGen      total 44032K, used 24514K [0x00000007bc400000, 0x00000007c0000000, 0x00000007c0000000)
  eden space 26624K, 26% used [0x00000007bc400000,0x00000007bcaf0e30,0x00000007bde00000)
  from space 17408K, 99% used [0x00000007bde00000,0x00000007beeffc30,0x00000007bef00000)
  to   space 17408K, 0% used [0x00000007bef00000,0x00000007bef00000,0x00000007c0000000)
 ParOldGen       total 379392K, used 199689K [0x0000000700000000, 0x0000000717280000, 0x00000007bc400000)
  object space 379392K, 52% used [0x0000000700000000,0x000000070c302630,0x0000000717280000)
 Metaspace       used 95817K, capacity 96848K, committed 97536K, reserved 1132544K
  class space    used 14418K, capacity 14592K, committed 14592K, reserved 1048576K
GC Heap History (10 events):
Event: 4457.446 GC heap before
{Heap before GC invocations=1697 (full 156):
 PSYoungGen      total 45056K, used 42649K [0x00000007bc400000, 0x00000007c0000000, 0x00000007c0000000)
  eden space 31744K, 100% used [0x00000007bc400000,0x00000007be300000,0x00000007be300000)
  from space 13312K, 81% used [0x00000007bf300000,0x00000007bfda6640,0x00000007c0000000)
  to   space 14848K, 0% used [0x00000007be300000,0x00000007be300000,0x00000007bf180000)
 ParOldGen       total 379392K, used 196464K [0x0000000700000000, 0x0000000717280000, 0x00000007bc400000)
  object space 379392K, 51% used [0x0000000700000000,0x000000070bfdc2b0,0x0000000717280000)
 Metaspace       used 95784K, capacity 96848K, committed 97536K, reserved 1132544K
  class space    used 14413K, capacity 14592K, committed 14592K, reserved 1048576K
Event: 4457.457 GC heap after
Heap after GC invocations=1697 (full 156):
 PSYoungGen      total 44032K, used 11801K [0x00000007bc400000, 0x00000007c0000000, 0x00000007c0000000)
  eden space 31744K, 0% used [0x00000007bc400000,0x00000007bc400000,0x00000007be300000)
  from space 12288K, 96% used [0x00000007be300000,0x00000007bee86640,0x00000007bef00000)
  to   space 15872K, 0% used [0x00000007bf080000,0x00000007bf080000,0x00000007c0000000)
 ParOldGen       total 379392K, used 196464K [0x0000000700000000, 0x0000000717280000, 0x00000007bc400000)
  object space 379392K, 51% used [0x0000000700000000,0x000000070bfdc2b0,0x0000000717280000)
 Metaspace       used 95784K, capacity 96848K, committed 97536K, reserved 1132544K
  class space    used 14413K, capacity 14592K, committed 14592K, reserved 1048576K
}
Event: 4459.895 GC heap before
{Heap before GC invocations=1698 (full 156):
 PSYoungGen      total 44032K, used 43545K [0x00000007bc400000, 0x00000007c0000000, 0x00000007c0000000)
  eden space 31744K, 100% used [0x00000007bc400000,0x00000007be300000,0x00000007be300000)
  from space 12288K, 96% used [0x00000007be300000,0x00000007bee86640,0x00000007bef00000)
  to   space 15872K, 0% used [0x00000007bf080000,0x00000007bf080000,0x00000007c0000000)
 ParOldGen       total 379392K, used 196467K [0x0000000700000000, 0x0000000717280000, 0x00000007bc400000)
  object space 379392K, 51% used [0x0000000700000000,0x000000070bfdce08,0x0000000717280000)
 Metaspace       used 95789K, capacity 96848K, committed 97536K, reserved 1132544K
  class space    used 14413K, capacity 14592K, committed 14592K, reserved 1048576K
Event: 4459.904 GC heap after
Heap after GC invocations=1698 (full 156):
 PSYoungGen      total 44544K, used 12025K [0x00000007bc400000, 0x00000007c0000000, 0x00000007c0000000)
  eden space 28672K, 0% used [0x00000007bc400000,0x00000007bc400000,0x00000007be000000)
  from space 15872K, 75% used [0x00000007bf080000,0x00000007bfc3e640,0x00000007c0000000)
  to   space 16384K, 0% used [0x00000007be000000,0x00000007be000000,0x00000007bf000000)
 ParOldGen       total 379392K, used 196467K [0x0000000700000000, 0x0000000717280000, 0x00000007bc400000)
  object space 379392K, 51% used [0x0000000700000000,0x000000070bfdce08,0x0000000717280000)
 Metaspace       used 95789K, capacity 96848K, committed 97536K, reserved 1132544K
  class space    used 14413K, capacity 14592K, committed 14592K, reserved 1048576K
}
Event: 4460.059 GC heap before
{Heap before GC invocations=1699 (full 156):
 PSYoungGen      total 44544K, used 40697K [0x00000007bc400000, 0x00000007c0000000, 0x00000007c0000000)
  eden space 28672K, 100% used [0x00000007bc400000,0x00000007be000000,0x00000007be000000)
  from space 15872K, 75% used [0x00000007bf080000,0x00000007bfc3e640,0x00000007c0000000)
  to   space 16384K, 0% used [0x00000007be000000,0x00000007be000000,0x00000007bf000000)
 ParOldGen       total 379392K, used 196467K [0x0000000700000000, 0x0000000717280000, 0x00000007bc400000)
  object space 379392K, 51% used [0x0000000700000000,0x000000070bfdce08,0x0000000717280000)
 Metaspace       used 95795K, capacity 96848K, committed 97536K, reserved 1132544K
  class space    used 14413K, capacity 14592K, committed 14592K, reserved 1048576K
Event: 4460.067 GC heap after
Heap after GC invocations=1699 (full 156):
 PSYoungGen      total 40448K, used 11769K [0x00000007bc400000, 0x00000007c0000000, 0x00000007c0000000)
  eden space 28672K, 0% used [0x00000007bc400000,0x00000007bc400000,0x00000007be000000)
  from space 11776K, 99% used [0x00000007be000000,0x00000007beb7e640,0x00000007beb80000)
  to   space 16896K, 0% used [0x00000007bef80000,0x00000007bef80000,0x00000007c0000000)
 ParOldGen       total 379392K, used 196467K [0x0000000700000000, 0x0000000717280000, 0x00000007bc400000)
  object space 379392K, 51% used [0x0000000700000000,0x000000070bfdce08,0x0000000717280000)
 Metaspace       used 95795K, capacity 96848K, committed 97536K, reserved 1132544K
  class space    used 14413K, capacity 14592K, committed 14592K, reserved 1048576K
}
Event: 4460.192 GC heap before
{Heap before GC invocations=1700 (full 156):
 PSYoungGen      total 40448K, used 39541K [0x00000007bc400000, 0x00000007c0000000, 0x00000007c0000000)
  eden space 28672K, 96% used [0x00000007bc400000,0x00000007bdf1f0f0,0x00000007be000000)
  from space 11776K, 99% used [0x00000007be000000,0x00000007beb7e640,0x00000007beb80000)
  to   space 16896K, 0% used [0x00000007bef80000,0x00000007bef80000,0x00000007c0000000)
 ParOldGen       total 379392K, used 196467K [0x0000000700000000, 0x0000000717280000, 0x00000007bc400000)
  object space 379392K, 51% used [0x0000000700000000,0x000000070bfdce08,0x0000000717280000)
 Metaspace       used 95816K, capacity 96848K, committed 97536K, reserved 1132544K
  class space    used 14418K, capacity 14592K, committed 14592K, reserved 1048576K
Event: 4460.201 GC heap after
Heap after GC invocations=1700 (full 156):
 PSYoungGen      total 43520K, used 12000K [0x00000007bc400000, 0x00000007c0000000, 0x00000007c0000000)
  eden space 26624K, 0% used [0x00000007bc400000,0x00000007bc400000,0x00000007bde00000)
  from space 16896K, 71% used [0x00000007bef80000,0x00000007bfb381b0,0x00000007c0000000)
  to   space 17408K, 0% used [0x00000007bde00000,0x00000007bde00000,0x00000007bef00000)
 ParOldGen       total 379392K, used 196467K [0x0000000700000000, 0x0000000717280000, 0x00000007bc400000)
  object space 379392K, 51% used [0x0000000700000000,0x000000070bfdce08,0x0000000717280000)
 Metaspace       used 95816K, capacity 96848K, committed 97536K, reserved 1132544K
  class space    used 14418K, capacity 14592K, committed 14592K, reserved 1048576K
}
Event: 4460.381 GC heap before
{Heap before GC invocations=1701 (full 156):
 PSYoungGen      total 43520K, used 38624K [0x00000007bc400000, 0x00000007c0000000, 0x00000007c0000000)
  eden space 26624K, 100% used [0x00000007bc400000,0x00000007bde00000,0x00000007bde00000)
  from space 16896K, 71% used [0x00000007bef80000,0x00000007bfb381b0,0x00000007c0000000)
  to   space 17408K, 0% used [0x00000007bde00000,0x00000007bde00000,0x00000007bef00000)
 ParOldGen       total 379392K, used 196467K [0x0000000700000000, 0x0000000717280000, 0x00000007bc400000)
  object space 379392K, 51% used [0x0000000700000000,0x000000070bfdce48,0x0000000717280000)
 Metaspace       used 95816K, capacity 96848K, committed 97536K, reserved 1132544K
  class space    used 14418K, capacity 14592K, committed 14592K, reserved 1048576K
Event: 4460.396 GC heap after
Heap after GC invocations=1701 (full 156):
 PSYoungGen      total 44032K, used 17407K [0x00000007bc400000, 0x00000007c0000000, 0x00000007c0000000)
  eden space 26624K, 0% used [0x00000007bc400000,0x00000007bc400000,0x00000007bde00000)
  from space 17408K, 99% used [0x00000007bde00000,0x00000007beeffc30,0x00000007bef00000)
  to   space 17408K, 0% used [0x00000007bef00000,0x00000007bef00000,0x00000007c0000000)
 ParOldGen       total 379392K, used 199689K [0x0000000700000000, 0x0000000717280000, 0x00000007bc400000)
  object space 379392K, 52% used [0x0000000700000000,0x000000070c302630,0x0000000717280000)
 Metaspace       used 95816K, capacity 96848K, committed 97536K, reserved 1132544K
  class space    used 14418K, capacity 14592K, committed 14592K, reserved 1048576K
}

